<?xml version="1.0" encoding="UTF-8"?>
<!-- Generated by org.testng.reporters.JUnitXMLReporter -->
<testsuite ignored="0" hostname="Sandesh" failures="1" tests="19" name="Test" time="304.72" errors="0" timestamp="2023-09-08T22:44:11 IST">
  <testcase classname="OrangeHRM.pages.LoginPageTest" name="loginPageTest" time="2.592"/>
  <testcase classname="OrangeHRM.pages.LoginPageTest" name="verifyWithInvadidUsername" time="2.229"/>
  <testcase classname="OrangeHRM.pages.LoginPageTest" name="verifyWithBlankUsername" time="1.116"/>
  <testcase classname="OrangeHRM.pages.LoginPageTest" name="verifyWithBlankPassword" time="1.006"/>
  <testcase classname="OrangeHRM.pages.LoginPageTest" name="verifyWithInvalidPassword" time="2.613"/>
  <testcase classname="OrangeHRM.pages.LoginPageTest" name="verifyLoginWithInvalidCredentials" time="3.2"/>
  <testcase classname="OrangeHRM.pages.LoginPageTest" name="verifyLoginWithBlankCredentials" time="1.193"/>
  <testcase classname="OrangeHRM.pages.HomePageTest" name="pim" time="5.478"/>
  <testcase classname="OrangeHRM.pages.AddEmployeeTest" name="verifyAddEmployeepage" time="15.177"/>
  <testcase classname="OrangeHRM.pages.AddEmployeeTest" name="verifyCreateLoginDetails" time="32.711">
    <failure type="org.openqa.selenium.NoSuchElementException" message="no such element: Unable to locate element: {&amp;quot;method&amp;quot;:&amp;quot;xpath&amp;quot;,&amp;quot;selector&amp;quot;:&amp;quot;//*[@id=&amp;quot;app&amp;quot;]/div[1]/div[2]/div[2]/div/div/div/div[2]/div[1]/h6&amp;quot;}
  (Session info: chrome=116.0.5845.142)
For documentation on this error, please visit: https://www.selenium.dev/documentation/webdriver/troubleshooting/errors#no-such-element-exception
Build info: version: &amp;apos;4.11.0&amp;apos;, revision: &amp;apos;040bc5406b&amp;apos;
System info: os.name: &amp;apos;Windows 11&amp;apos;, os.arch: &amp;apos;amd64&amp;apos;, os.version: &amp;apos;10.0&amp;apos;, java.version: &amp;apos;17.0.6&amp;apos;
Driver info: org.openqa.selenium.chrome.ChromeDriver
Command: [3196a7a625ef7a67904b8eecf957f91f, findElement {using=xpath, value=//*[@id=&amp;quot;app&amp;quot;]/div[1]/div[2]/div[2]/div/div/div/div[2]/div[1]/h6}]
Capabilities {acceptInsecureCerts: false, browserName: chrome, browserVersion: 116.0.5845.142, chrome: {chromedriverVersion: 116.0.5845.96 (1a3918166880..., userDataDir: C:\Users\HP\AppData\Local\T...}, fedcm:accounts: true, goog:chromeOptions: {debuggerAddress: localhost:62550}, networkConnectionEnabled: false, pageLoadStrategy: normal, platformName: windows, proxy: Proxy(), se:cdp: ws://localhost:62550/devtoo..., se:cdpVersion: 116.0.5845.142, setWindowRect: true, strictFileInteractability: false, timeouts: {implicit: 0, pageLoad: 300000, script: 30000}, unhandledPromptBehavior: dismiss and notify, webauthn:extension:credBlob: true, webauthn:extension:largeBlob: true, webauthn:extension:minPinLength: true, webauthn:extension:prf: true, webauthn:virtualAuthenticators: true}
Session ID: 3196a7a625ef7a67904b8eecf957f91f">
      <![CDATA[org.openqa.selenium.NoSuchElementException: no such element: Unable to locate element: {"method":"xpath","selector":"//*[@id="app"]/div[1]/div[2]/div[2]/div/div/div/div[2]/div[1]/h6"}
  (Session info: chrome=116.0.5845.142)
For documentation on this error, please visit: https://www.selenium.dev/documentation/webdriver/troubleshooting/errors#no-such-element-exception
Build info: version: '4.11.0', revision: '040bc5406b'
System info: os.name: 'Windows 11', os.arch: 'amd64', os.version: '10.0', java.version: '17.0.6'
Driver info: org.openqa.selenium.chrome.ChromeDriver
Command: [3196a7a625ef7a67904b8eecf957f91f, findElement {using=xpath, value=//*[@id="app"]/div[1]/div[2]/div[2]/div/div/div/div[2]/div[1]/h6}]
Capabilities {acceptInsecureCerts: false, browserName: chrome, browserVersion: 116.0.5845.142, chrome: {chromedriverVersion: 116.0.5845.96 (1a3918166880..., userDataDir: C:\Users\HP\AppData\Local\T...}, fedcm:accounts: true, goog:chromeOptions: {debuggerAddress: localhost:62550}, networkConnectionEnabled: false, pageLoadStrategy: normal, platformName: windows, proxy: Proxy(), se:cdp: ws://localhost:62550/devtoo..., se:cdpVersion: 116.0.5845.142, setWindowRect: true, strictFileInteractability: false, timeouts: {implicit: 0, pageLoad: 300000, script: 30000}, unhandledPromptBehavior: dismiss and notify, webauthn:extension:credBlob: true, webauthn:extension:largeBlob: true, webauthn:extension:minPinLength: true, webauthn:extension:prf: true, webauthn:virtualAuthenticators: true}
Session ID: 3196a7a625ef7a67904b8eecf957f91f
at org.openqa.selenium.remote.codec.w3c.W3CHttpResponseCodec.createException(W3CHttpResponseCodec.java:200)
at org.openqa.selenium.remote.codec.w3c.W3CHttpResponseCodec.decode(W3CHttpResponseCodec.java:133)
at org.openqa.selenium.remote.codec.w3c.W3CHttpResponseCodec.decode(W3CHttpResponseCodec.java:52)
at org.openqa.selenium.remote.HttpCommandExecutor.execute(HttpCommandExecutor.java:191)
at org.openqa.selenium.remote.service.DriverCommandExecutor.invokeExecute(DriverCommandExecutor.java:196)
at org.openqa.selenium.remote.service.DriverCommandExecutor.execute(DriverCommandExecutor.java:171)
at org.openqa.selenium.remote.RemoteWebDriver.execute(RemoteWebDriver.java:518)
at org.openqa.selenium.remote.ElementLocation$ElementFinder$2.findElement(ElementLocation.java:165)
at org.openqa.selenium.remote.ElementLocation.findElement(ElementLocation.java:59)
at org.openqa.selenium.remote.RemoteWebDriver.findElement(RemoteWebDriver.java:355)
at org.openqa.selenium.remote.RemoteWebDriver.findElement(RemoteWebDriver.java:349)
at org.openqa.selenium.support.pagefactory.DefaultElementLocator.findElement(DefaultElementLocator.java:68)
at org.openqa.selenium.support.pagefactory.internal.LocatingElementHandler.invoke(LocatingElementHandler.java:38)
at jdk.proxy2/jdk.proxy2.$Proxy16.getText(Unknown Source)
at OrangeHRM.pages.AddEmployeeTest.verifyCreateLoginDetails(AddEmployeeTest.java:58)
at java.base/java.util.ArrayList.forEach(ArrayList.java:1511)
... Removed 32 stack frames]]>
    </failure>
  </testcase> <!-- verifyCreateLoginDetails -->
  <testcase classname="OrangeHRM.pages.AddEmployeeTest" name="verifyWithfnameAndlname" time="12.437"/>
  <testcase classname="OrangeHRM.pages.AddEmployeeTest" name="verifyWithEmployeeID" time="14.254"/>
  <testcase classname="OrangeHRM.pages.AddEmployeeTest" name="verifyCancelButton" time="10.265"/>
  <testcase classname="OrangeHRM.pages.AddEmployeeTest" name="verifyWithBlankFnameandLname" time="7.74"/>
  <testcase classname="OrangeHRM.pages.AddEmployeeTest" name="verifyWithInvalidUsername" time="10.109"/>
  <testcase classname="OrangeHRM.pages.AddEmployeeTest" name="verifyWithInvalidPassword" time="11.604"/>
  <testcase classname="OrangeHRM.pages.AddEmployeeTest" name="verifyConfirmPasswordErrmsg" time="9.668"/>
  <testcase classname="OrangeHRM.pages.AddEmployeeTest" name="verifyWithInvalidFormat" time="9.855"/>
  <testcase classname="OrangeHRM.pages.AddEmployeeTest" name="verifyWithInvalidEmployeeID" time="9.875"/>
</testsuite> <!-- Test -->
